----------------------Header------------------------------------------------Footer------------------------------------------------Header------------------------------------------------Footer------------------------------------------------Header------------------------------------------------Footer------------------------------------------------Header------------------------------------------------Footer------------------------------------------------Header------------------------------------------------Footer------------------------------------------------Header------------------------------------------------Footer------------------------------------------------Header------------------------------------------------Footer------------------------------------------------Header------------------------------------------------Footer------------------------------------------------Header------------------------------------------------Footer------------------------------------------------Header------------------------------------------------Footer------------------------------------------------Header--------------------------
【日志级别】DEBUG 
【记录时间】2015-04-30 18:14:37,329 
【线程编号】[20] 
【执行时间】[337792]毫秒 
【出错文件】 
【出错行号】0 
【出错的类】DebugLoger 属性[(null)] 
【错误描述】微信支付成功！ 
【错误详情】

【日志级别】DEBUG 
【记录时间】2015-04-30 18:14:40,796 
【线程编号】[6] 
【执行时间】[341259]毫秒 
【出错文件】 
【出错行号】0 
【出错的类】DebugLoger 属性[(null)] 
【错误描述】微信支付成功！ 
【错误详情】

【日志级别】DEBUG 
【记录时间】2015-04-30 18:14:43,789 
【线程编号】[18] 
【执行时间】[344252]毫秒 
【出错文件】 
【出错行号】0 
【出错的类】DebugLoger 属性[(null)] 
【错误描述】微信支付成功！ 
【错误详情】
----------------------Footer------------------------------------------------Header--------------------------
【日志级别】DEBUG 
【记录时间】2015-04-30 18:16:52,281 
【线程编号】[26] 
【执行时间】[90911]毫秒 
【出错文件】 
【出错行号】0 
【出错的类】DebugLoger 属性[(null)] 
【错误描述】微信支付成功！ 
【错误详情】

【日志级别】DEBUG 
【记录时间】2015-04-30 18:16:52,906 
【线程编号】[30] 
【执行时间】[91536]毫秒 
【出错文件】 
【出错行号】0 
【出错的类】DebugLoger 属性[(null)] 
【错误描述】微信支付成功！ 
【错误详情】
----------------------Footer------------------------------------------------Header------------------------------------------------Footer--------------------------