----------------------Header--------------------------
【日志级别】DEBUG 
【记录时间】2015-05-07 10:51:58,965 
【线程编号】[6] 
【执行时间】[476594]毫秒 
【出错文件】 
【出错行号】0 
【出错的类】DebugLoger 属性[(null)] 
【错误描述】/User/Register18550089418  e10adc3949ba59abbe56e057f20f883e 
【错误详情】
----------------------Footer------------------------------------------------Header--------------------------
【日志级别】DEBUG 
【记录时间】2015-05-07 11:04:47,902 
【线程编号】[27] 
【执行时间】[63362]毫秒 
【出错文件】 
【出错行号】0 
【出错的类】DebugLoger 属性[(null)] 
【错误描述】/User/Register13584893594  96e79218965eb72c92a549dd5a330112 
【错误详情】
----------------------Footer------------------------------------------------Header--------------------------
【日志级别】DEBUG 
【记录时间】2015-05-07 19:49:58,593 
【线程编号】[12] 
【执行时间】[148395]毫秒 
【出错文件】 
【出错行号】0 
【出错的类】DebugLoger 属性[(null)] 
【错误描述】异常说明:System.Data.Linq---不允许在查询中显式构造实体类型“Com.ChinaPalmPay.Platform.RentCar.Model.Order”。 
【错误详情】

【日志级别】DEBUG 
【记录时间】2015-05-07 19:50:31,906 
【线程编号】[16] 
【执行时间】[181708]毫秒 
【出错文件】 
【出错行号】0 
【出错的类】DebugLoger 属性[(null)] 
【错误描述】异常说明:System.Data.Linq---不允许在查询中显式构造实体类型“Com.ChinaPalmPay.Platform.RentCar.Model.Order”。 
【错误详情】

【日志级别】DEBUG 
【记录时间】2015-05-07 19:52:53,216 
【线程编号】[22] 
【执行时间】[323018]毫秒 
【出错文件】 
【出错行号】0 
【出错的类】DebugLoger 属性[(null)] 
【错误描述】异常说明:System.Data.Linq---不允许在查询中显式构造实体类型“Com.ChinaPalmPay.Platform.RentCar.Model.Order”。 
【错误详情】
----------------------Footer------------------------------------------------Header------------------------------------------------Footer------------------------------------------------Header--------------------------
【日志级别】DEBUG 
【记录时间】2015-05-07 20:04:07,484 
【线程编号】[29] 
【执行时间】[6707]毫秒 
【出错文件】 
【出错行号】0 
【出错的类】DebugLoger 属性[(null)] 
【错误描述】"消息创建失败" 
【错误详情】
----------------------Footer------------------------------------------------Header------------------------------------------------Footer------------------------------------------------Header------------------------------------------------Footer--------------------------