----------------------Header------------------------------------------------Footer------------------------------------------------Header------------------------------------------------Footer------------------------------------------------Header------------------------------------------------Footer------------------------------------------------Header------------------------------------------------Footer------------------------------------------------Header------------------------------------------------Footer------------------------------------------------Header------------------------------------------------Footer------------------------------------------------Header------------------------------------------------Footer------------------------------------------------Header------------------------------------------------Footer------------------------------------------------Header------------------------------------------------Footer------------------------------------------------Header------------------------------------------------Footer------------------------------------------------Header------------------------------------------------Footer------------------------------------------------Header------------------------------------------------Footer------------------------------------------------Header------------------------------------------------Footer------------------------------------------------Header------------------------------------------------Footer------------------------------------------------Header------------------------------------------------Footer------------------------------------------------Header------------------------------------------------Footer------------------------------------------------Header------------------------------------------------Footer------------------------------------------------Header------------------------------------------------Footer------------------------------------------------Header------------------------------------------------Footer------------------------------------------------Header------------------------------------------------Footer------------------------------------------------Header------------------------------------------------Footer------------------------------------------------Header------------------------------------------------Footer------------------------------------------------Header------------------------------------------------Footer------------------------------------------------Header------------------------------------------------Footer------------------------------------------------Header------------------------------------------------Footer------------------------------------------------Header------------------------------------------------Footer------------------------------------------------Header------------------------------------------------Footer------------------------------------------------Header------------------------------------------------Footer------------------------------------------------Header------------------------------------------------Footer------------------------------------------------Header------------------------------------------------Footer------------------------------------------------Header------------------------------------------------Footer------------------------------------------------Header------------------------------------------------Footer------------------------------------------------Header------------------------------------------------Footer------------------------------------------------Header------------------------------------------------Footer------------------------------------------------Header------------------------------------------------Footer------------------------------------------------Header------------------------------------------------Footer------------------------------------------------Header------------------------------------------------Footer------------------------------------------------Header------------------------------------------------Footer------------------------------------------------Header------------------------------------------------Footer------------------------------------------------Header--------------------------
【日志级别】DEBUG 
【记录时间】2015-04-29 18:19:21,344 
【线程编号】[20] 
【执行时间】[9155]毫秒 
【出错文件】 
【出错行号】0 
【出错的类】DebugLoger 属性[(null)] 
【错误描述】查询车成功 
【错误详情】

【日志级别】DEBUG 
【记录时间】2015-04-29 18:19:21,953 
【线程编号】[20] 
【执行时间】[9763]毫秒 
【出错文件】 
【出错行号】0 
【出错的类】DebugLoger 属性[(null)] 
【错误描述】查询车成功 
【错误详情】

【日志级别】DEBUG 
【记录时间】2015-04-29 18:21:40,153 
【线程编号】[20] 
【执行时间】[147964]毫秒 
【出错文件】 
【出错行号】0 
【出错的类】DebugLoger 属性[(null)] 
【错误描述】查询车成功 
【错误详情】

【日志级别】DEBUG 
【记录时间】2015-04-29 18:21:40,216 
【线程编号】[20] 
【执行时间】[148026]毫秒 
【出错文件】 
【出错行号】0 
【出错的类】DebugLoger 属性[(null)] 
【错误描述】查询车成功 
【错误详情】
----------------------Footer------------------------------------------------Header--------------------------
【日志级别】DEBUG 
【记录时间】2015-04-29 18:32:51,886 
【线程编号】[11] 
【执行时间】[409]毫秒 
【出错文件】 
【出错行号】0 
【出错的类】DebugLoger 属性[(null)] 
【错误描述】查询车成功 
【错误详情】

【日志级别】DEBUG 
【记录时间】2015-04-29 18:32:51,942 
【线程编号】[11] 
【执行时间】[465]毫秒 
【出错文件】 
【出错行号】0 
【出错的类】DebugLoger 属性[(null)] 
【错误描述】查询车成功 
【错误详情】

【日志级别】DEBUG 
【记录时间】2015-04-29 18:32:59,891 
【线程编号】[11] 
【执行时间】[8414]毫秒 
【出错文件】 
【出错行号】0 
【出错的类】DebugLoger 属性[(null)] 
【错误描述】查询车成功 
【错误详情】

【日志级别】DEBUG 
【记录时间】2015-04-29 18:32:59,901 
【线程编号】[11] 
【执行时间】[8424]毫秒 
【出错文件】 
【出错行号】0 
【出错的类】DebugLoger 属性[(null)] 
【错误描述】查询车成功 
【错误详情】
----------------------Footer------------------------------------------------Header--------------------------
【日志级别】DEBUG 
【记录时间】2015-04-29 18:38:08,550 
【线程编号】[19] 
【执行时间】[81550]毫秒 
【出错文件】 
【出错行号】0 
【出错的类】DebugLoger 属性[(null)] 
【错误描述】查询车成功 
【错误详情】

【日志级别】DEBUG 
【记录时间】2015-04-29 18:38:09,081 
【线程编号】[19] 
【执行时间】[82081]毫秒 
【出错文件】 
【出错行号】0 
【出错的类】DebugLoger 属性[(null)] 
【错误描述】查询车成功 
【错误详情】
----------------------Footer------------------------------------------------Header------------------------------------------------Footer------------------------------------------------Header------------------------------------------------Footer------------------------------------------------Header------------------------------------------------Footer------------------------------------------------Header------------------------------------------------Footer------------------------------------------------Header------------------------------------------------Footer------------------------------------------------Header------------------------------------------------Footer------------------------------------------------Header------------------------------------------------Footer--------------------------